{"/Users/zhishunnicoles/Developer/github-action-test/src/components/Button.tsx": {"path":"/Users/zhishunnicoles/Developer/github-action-test/src/components/Button.tsx","statementMap":{"0":{"start":{"line":1,"column":0},"end":{"line":1,"column":26}},"1":{"start":{"line":2,"column":0},"end":{"line":2,"column":22}},"2":{"start":{"line":12,"column":38},"end":{"line":43,"column":1}},"3":{"start":{"line":19,"column":22},"end":{"line":19,"column":30}},"4":{"start":{"line":20,"column":25},"end":{"line":24,"column":4}},"5":{"start":{"line":25,"column":22},"end":{"line":29,"column":4}},"6":{"start":{"line":31,"column":20},"end":{"line":31,"column":84}},"7":{"start":{"line":33,"column":2},"end":{"line":42,"column":4}},"8":{"start":{"line":45,"column":0},"end":{"line":45,"column":22}}},"fnMap":{"0":{"name":"(anonymous_1)","decl":{"start":{"line":12,"column":38},"end":{"line":12,"column":39}},"loc":{"start":{"line":18,"column":5},"end":{"line":43,"column":1}}}},"branchMap":{"0":{"loc":{"start":{"line":15,"column":2},"end":{"line":15,"column":18}},"type":"default-arg","locations":[{"start":{"line":15,"column":13},"end":{"line":15,"column":18}}]},"1":{"loc":{"start":{"line":16,"column":2},"end":{"line":16,"column":21}},"type":"default-arg","locations":[{"start":{"line":16,"column":12},"end":{"line":16,"column":21}}]},"2":{"loc":{"start":{"line":17,"column":2},"end":{"line":17,"column":17}},"type":"default-arg","locations":[{"start":{"line":17,"column":9},"end":{"line":17,"column":17}}]}},"s":{"0":1,"1":1,"2":1,"3":14,"4":14,"5":14,"6":14,"7":14,"8":1},"f":{"0":14},"b":{"0":[12],"1":[11],"2":[11]}}
}
